<?xml version="1.0" encoding="UTF-8"?>
<testsuites>
  <testsuite name="CodeIgniter Application Test Suite" tests="0" assertions="0" failures="0" errors="0" time="0.000000"/>
</testsuites>
